<?xml version="1.0" encoding="UTF-8"?>
<!-- Generated by org.testng.reporters.JUnitXMLReporter -->
<testsuite hostname="user-PC" name="Test" tests="1" failures="1" timestamp="6 Apr 2019 07:46:28 GMT" time="0.589" errors="0">
  <testcase name="test1" time="0.529" classname="com.AppiumTest.shahnawaz.StartChrome">
    <failure type="java.lang.NoSuchMethodError" message="org.openqa.selenium.remote.http.HttpClient$Factory.createDefault()Lorg/openqa/selenium/remote/http/HttpClient$Factory;">
      <![CDATA[java.lang.NoSuchMethodError: org.openqa.selenium.remote.http.HttpClient$Factory.createDefault()Lorg/openqa/selenium/remote/http/HttpClient$Factory;
	at io.appium.java_client.remote.AppiumCommandExecutor.<init>(AppiumCommandExecutor.java:93)
	at io.appium.java_client.AppiumDriver.<init>(AppiumDriver.java:93)
	at io.appium.java_client.android.AndroidDriver.<init>(AndroidDriver.java:95)
	at com.AppiumTest.shahnawaz.StartChrome.test1(StartChrome.java:37)
... Removed 24 stack frames]]>
    </failure>
  </testcase> <!-- test1 -->
</testsuite> <!-- Test -->
